GROUP,PACKAGE,CLASS,INSTRUCTION_MISSED,INSTRUCTION_COVERED,BRANCH_MISSED,BRANCH_COVERED,LINE_MISSED,LINE_COVERED,COMPLEXITY_MISSED,COMPLEXITY_COVERED,METHOD_MISSED,METHOD_COVERED
JunitExample Maven Webapp,com.ejemplo.problema3,EspacioOcio,0,15,0,0,0,6,0,3,0,3
JunitExample Maven Webapp,com.ejemplo.problema3,EstadoSalud,0,15,0,0,0,6,0,3,0,3
JunitExample Maven Webapp,com.ejemplo.problema3,problema3,85,70,28,24,11,11,21,8,1,2
JunitExample Maven Webapp,com.ejemplo.problema3,CondicionesMeteorologicas,0,27,0,0,0,10,0,5,0,5
